[2016-07-07 15:38:48,644](DEBUG, debug,67): <WSGIRequest
path:/user_manage/login/,
GET:<QueryDict: {}>,
POST:<QueryDict: {}>,
COOKIES:{'_ga': 'GA1.1.2014364777.1459222272',
 'csrftoken': 'hwzhElmnfmSdRvzbMEhKJeFbDjxAron8'},
META:{'ALLUSERSPROFILE': 'C:\\ProgramData',
 'APPDATA': 'C:\\Users\\BFD_389\\AppData\\Roaming',
 'COMMONPROGRAMFILES': 'C:\\Program Files (x86)\\Common Files',
 'COMMONPROGRAMFILES(X86)': 'C:\\Program Files (x86)\\Common Files',
 'COMMONPROGRAMW6432': 'C:\\Program Files\\Common Files',
 'COMPUTERNAME': 'BFD_389-PC',
 'COMSPEC': 'C:\\WINDOWS\\system32\\cmd.exe',
 'CONFIGSETROOT': 'C:\\WINDOWS\\ConfigSetRoot',
 'CONTENT_LENGTH': '',
 'CONTENT_TYPE': 'text/plain',
 u'CSRF_COOKIE': u'hwzhElmnfmSdRvzbMEhKJeFbDjxAron8',
 'DJANGO_SETTINGS_MODULE': 'e_live_web.settings',
 'EASYPLUSSDK': '"C:\\Program Files (x86)\\Common Files\\lenovo\\easyplussdk\\bin"',
 'FP_NO_HOST_CHECK': 'NO',
 'GATEWAY_INTERFACE': 'CGI/1.1',
 'HOMEDRIVE': 'C:',
 'HOMEPATH': '\\Users\\BFD_389',
 'HTTP_ACCEPT': 'text/html,application/xhtml+xml,application/xml;q=0.9,*/*;q=0.8',
 'HTTP_ACCEPT_ENCODING': 'gzip, deflate',
 'HTTP_ACCEPT_LANGUAGE': 'zh-CN,zh;q=0.8,en-US;q=0.5,en;q=0.3',
 'HTTP_CONNECTION': 'keep-alive',
 'HTTP_COOKIE': 'csrftoken=hwzhElmnfmSdRvzbMEhKJeFbDjxAron8; _ga=GA1.1.2014364777.1459222272',
 'HTTP_HOST': '127.0.0.1:8000',
 'HTTP_USER_AGENT': 'Mozilla/5.0 (Windows NT 6.3; WOW64; rv:47.0) Gecko/20100101 Firefox/47.0',
 'JAVA_HOME': 'D:\\Java\\jdk1.8.0_45',
 'LOCALAPPDATA': 'C:\\Users\\BFD_389\\AppData\\Local',
 'LOGONSERVER': '\\\\BFD_389-PC',
 'MAVEN_HOME': 'D:\\apache-maven-3.3.9-bin\\apache-maven-3.3.9',
 'NUMBER_OF_PROCESSORS': '8',
 'OS': 'Windows_NT',
 'PATH': 'D:\\apache-maven-3.3.9-bin\\apache-maven-3.3.9\\bin;D:\\Python27\\Scripts;D:\\Python27\\Scripts;D:\\Python27;C:\\Program Files (x86)\\NVIDIA Corporation\\PhysX\\Common;C:\\Program Files (x86)\\Intel\\iCLS Client\\;C:\\Program Files\\Intel\\iCLS Client\\;C:\\WINDOWS\\system32;C:\\WINDOWS;C:\\WINDOWS\\System32\\Wbem;C:\\WINDOWS\\System32\\WindowsPowerShell\\v1.0\\;C:\\Program Files\\Intel\\Intel(R) Management Engine Components\\DAL;C:\\Program Files\\Intel\\Intel(R) Management Engine Components\\IPT;C:\\Program Files (x86)\\Intel\\Intel(R) Management Engine Components\\DAL;C:\\Program Files (x86)\\Intel\\Intel(R) Management Engine Components\\IPT;C:\\Program Files (x86)\\Common Files\\lenovo\\easyplussdk\\bin;C:\\ProgramData\\Lenovo\\ReadyApps;C:\\Program Files\\OpenVPN\\bin;C:\\Program Files\\TortoiseSVN\\bin;C:\\Program Files (x86)\\IDM Computer Solutions\\UltraCompare;C:\\Program Files (x86)\\IDM Computer Solutions\\UltraEdit\\;D:\\Python27\\lib\\site-packages\\pywin32_system32;D:\\Python27\\lib\\site-packages\\pywin32_system32',
 'PATHEXT': '.COM;.EXE;.BAT;.CMD;.VBS;.VBE;.JS;.JSE;.WSF;.WSH;.MSC',
 'PATH_INFO': u'/user_manage/login/',
 'PROCESSOR_ARCHITECTURE': 'x86',
 'PROCESSOR_ARCHITEW6432': 'AMD64',
 'PROCESSOR_IDENTIFIER': 'Intel64 Family 6 Model 60 Stepping 3, GenuineIntel',
 'PROCESSOR_LEVEL': '6',
 'PROCESSOR_REVISION': '3c03',
 'PROGRAMDATA': 'C:\\ProgramData',
 'PROGRAMFILES': 'C:\\Program Files (x86)',
 'PROGRAMFILES(X86)': 'C:\\Program Files (x86)',
 'PROGRAMW6432': 'C:\\Program Files',
 'PROMPT': '$P$G',
 'PSMODULEPATH': 'C:\\WINDOWS\\system32\\WindowsPowerShell\\v1.0\\Modules\\',
 'PUBLIC': 'C:\\Users\\Public',
 'QUERY_STRING': '',
 'READYAPPS': 'C:\\ProgramData\\Lenovo\\ReadyApps',
 'REMOTE_ADDR': '127.0.0.1',
 'REMOTE_HOST': '',
 'REQUEST_METHOD': 'GET',
 'RUN_MAIN': 'true',
 'SCRIPT_NAME': u'',
 'SERVER_NAME': 'BFD_389-PC',
 'SERVER_PORT': '8000',
 'SERVER_PROTOCOL': 'HTTP/1.1',
 'SERVER_SOFTWARE': 'WSGIServer/0.1 Python/2.7.10',
 'SESSIONNAME': 'Console',
 'SYSTEMDRIVE': 'C:',
 'SYSTEMROOT': 'C:\\WINDOWS',
 'TEMP': 'C:\\Users\\BFD_389\\AppData\\Local\\Temp',
 'TMP': 'C:\\Users\\BFD_389\\AppData\\Local\\Temp',
 'TVT': 'C:\\Program Files (x86)\\Lenovo',
 'USERDOMAIN': 'BFD_389-PC',
 'USERDOMAIN_ROAMINGPROFILE': 'BFD_389-PC',
 'USERNAME': 'BFD_389',
 'USERPROFILE': 'C:\\Users\\BFD_389',
 'VBOX_MSI_INSTALL_PATH': 'C:\\Program Files\\Oracle\\VirtualBox\\',
 'WINDIR': 'C:\\WINDOWS',
 'wsgi.errors': <open file '<stderr>', mode 'w' at 0x01FFD0D0>,
 'wsgi.file_wrapper': <class wsgiref.util.FileWrapper at 0x02CBA6C0>,
 'wsgi.input': <socket._fileobject object at 0x02ECECF0>,
 'wsgi.multiprocess': False,
 'wsgi.multithread': True,
 'wsgi.run_once': False,
 'wsgi.url_scheme': 'http',
 'wsgi.version': (1, 0)}>
[2016-07-07 15:42:54,808](DEBUG, debug,67): <WSGIRequest
path:/user_manage/login/,
GET:<QueryDict: {}>,
POST:<QueryDict: {u'username': [u'bfd_test1'], u'password': [u'1082aafcc16309198d7afc7b3d9e9e75']}>,
COOKIES:{},
META:{'ALLUSERSPROFILE': 'C:\\ProgramData',
 'APPDATA': 'C:\\Users\\BFD_389\\AppData\\Roaming',
 'COMMONPROGRAMFILES': 'C:\\Program Files (x86)\\Common Files',
 'COMMONPROGRAMFILES(X86)': 'C:\\Program Files (x86)\\Common Files',
 'COMMONPROGRAMW6432': 'C:\\Program Files\\Common Files',
 'COMPUTERNAME': 'BFD_389-PC',
 'COMSPEC': 'C:\\WINDOWS\\system32\\cmd.exe',
 'CONFIGSETROOT': 'C:\\WINDOWS\\ConfigSetRoot',
 'CONTENT_LENGTH': '60',
 'CONTENT_TYPE': 'application/x-www-form-urlencoded',
 u'CSRF_COOKIE': u'DxhLikIJEp98VOA6Yf8m57mGflbljm2Z',
 'DJANGO_SETTINGS_MODULE': 'e_live_web.settings',
 'EASYPLUSSDK': '"C:\\Program Files (x86)\\Common Files\\lenovo\\easyplussdk\\bin"',
 'FP_NO_HOST_CHECK': 'NO',
 'GATEWAY_INTERFACE': 'CGI/1.1',
 'HOMEDRIVE': 'C:',
 'HOMEPATH': '\\Users\\BFD_389',
 'HTTP_ACCEPT_ENCODING': 'identity',
 'HTTP_CONNECTION': 'close',
 'HTTP_HOST': '127.0.0.1:8000',
 'HTTP_USER_AGENT': 'Python-urllib/2.7',
 'JAVA_HOME': 'D:\\Java\\jdk1.8.0_45',
 'LOCALAPPDATA': 'C:\\Users\\BFD_389\\AppData\\Local',
 'LOGONSERVER': '\\\\BFD_389-PC',
 'MAVEN_HOME': 'D:\\apache-maven-3.3.9-bin\\apache-maven-3.3.9',
 'NUMBER_OF_PROCESSORS': '8',
 'OS': 'Windows_NT',
 'PATH': 'D:\\apache-maven-3.3.9-bin\\apache-maven-3.3.9\\bin;D:\\Python27\\Scripts;D:\\Python27\\Scripts;D:\\Python27;C:\\Program Files (x86)\\NVIDIA Corporation\\PhysX\\Common;C:\\Program Files (x86)\\Intel\\iCLS Client\\;C:\\Program Files\\Intel\\iCLS Client\\;C:\\WINDOWS\\system32;C:\\WINDOWS;C:\\WINDOWS\\System32\\Wbem;C:\\WINDOWS\\System32\\WindowsPowerShell\\v1.0\\;C:\\Program Files\\Intel\\Intel(R) Management Engine Components\\DAL;C:\\Program Files\\Intel\\Intel(R) Management Engine Components\\IPT;C:\\Program Files (x86)\\Intel\\Intel(R) Management Engine Components\\DAL;C:\\Program Files (x86)\\Intel\\Intel(R) Management Engine Components\\IPT;C:\\Program Files (x86)\\Common Files\\lenovo\\easyplussdk\\bin;C:\\ProgramData\\Lenovo\\ReadyApps;C:\\Program Files\\OpenVPN\\bin;C:\\Program Files\\TortoiseSVN\\bin;C:\\Program Files (x86)\\IDM Computer Solutions\\UltraCompare;C:\\Program Files (x86)\\IDM Computer Solutions\\UltraEdit\\;D:\\Python27\\lib\\site-packages\\pywin32_system32;D:\\Python27\\lib\\site-packages\\pywin32_system32',
 'PATHEXT': '.COM;.EXE;.BAT;.CMD;.VBS;.VBE;.JS;.JSE;.WSF;.WSH;.MSC',
 'PATH_INFO': u'/user_manage/login/',
 'PROCESSOR_ARCHITECTURE': 'x86',
 'PROCESSOR_ARCHITEW6432': 'AMD64',
 'PROCESSOR_IDENTIFIER': 'Intel64 Family 6 Model 60 Stepping 3, GenuineIntel',
 'PROCESSOR_LEVEL': '6',
 'PROCESSOR_REVISION': '3c03',
 'PROGRAMDATA': 'C:\\ProgramData',
 'PROGRAMFILES': 'C:\\Program Files (x86)',
 'PROGRAMFILES(X86)': 'C:\\Program Files (x86)',
 'PROGRAMW6432': 'C:\\Program Files',
 'PROMPT': '$P$G',
 'PSMODULEPATH': 'C:\\WINDOWS\\system32\\WindowsPowerShell\\v1.0\\Modules\\',
 'PUBLIC': 'C:\\Users\\Public',
 'QUERY_STRING': '',
 'READYAPPS': 'C:\\ProgramData\\Lenovo\\ReadyApps',
 'REMOTE_ADDR': '127.0.0.1',
 'REMOTE_HOST': '',
 'REQUEST_METHOD': 'POST',
 'RUN_MAIN': 'true',
 'SCRIPT_NAME': u'',
 'SERVER_NAME': 'BFD_389-PC',
 'SERVER_PORT': '8000',
 'SERVER_PROTOCOL': 'HTTP/1.1',
 'SERVER_SOFTWARE': 'WSGIServer/0.1 Python/2.7.10',
 'SESSIONNAME': 'Console',
 'SYSTEMDRIVE': 'C:',
 'SYSTEMROOT': 'C:\\WINDOWS',
 'TEMP': 'C:\\Users\\BFD_389\\AppData\\Local\\Temp',
 'TMP': 'C:\\Users\\BFD_389\\AppData\\Local\\Temp',
 'TVT': 'C:\\Program Files (x86)\\Lenovo',
 'USERDOMAIN': 'BFD_389-PC',
 'USERDOMAIN_ROAMINGPROFILE': 'BFD_389-PC',
 'USERNAME': 'BFD_389',
 'USERPROFILE': 'C:\\Users\\BFD_389',
 'VBOX_MSI_INSTALL_PATH': 'C:\\Program Files\\Oracle\\VirtualBox\\',
 'WINDIR': 'C:\\WINDOWS',
 'wsgi.errors': <open file '<stderr>', mode 'w' at 0x01FFD0D0>,
 'wsgi.file_wrapper': <class wsgiref.util.FileWrapper at 0x02CBA6C0>,
 'wsgi.input': <socket._fileobject object at 0x04037EF0>,
 'wsgi.multiprocess': False,
 'wsgi.multithread': True,
 'wsgi.run_once': False,
 'wsgi.url_scheme': 'http',
 'wsgi.version': (1, 0)}>
[2016-07-09 20:08:09,490](DEBUG, debug,67): user credit001	90198
[2016-07-09 20:08:09,490](DEBUG, debug,67): user credit002	90028
[2016-07-09 20:08:09,490](DEBUG, debug,67): goods_exchange 	170
[2016-07-09 20:27:25,207](DEBUG, debug,67): user credit001	88168
[2016-07-09 20:27:25,207](DEBUG, debug,67): user credit002	87998
[2016-07-09 20:27:25,207](DEBUG, debug,67): goods_exchange 	170
[2016-07-09 20:36:13,523](DEBUG, debug,67): user credit001	81878
[2016-07-09 20:36:13,523](DEBUG, debug,67): user credit002	81708
[2016-07-09 20:36:13,523](DEBUG, debug,67): goods_exchange 	170
